<?xml version="1.0" encoding="UTF-8"?>
<coverage generated="1762917628354" clover="3.2.0">
  <project timestamp="1762917628354" name="All files">
    <metrics statements="120" coveredstatements="70" conditionals="72" coveredconditionals="44" methods="27" coveredmethods="11" elements="219" coveredelements="125" complexity="0" loc="120" ncloc="120" packages="3" files="5" classes="5"/>
    <package name="components">
      <metrics statements="79" coveredstatements="51" conditionals="43" coveredconditionals="26" methods="20" coveredmethods="10"/>
      <file name="ProductDetail.jsx" path="D:\testtichozui\New folder\testing\frontend\product-management\src\components\ProductDetail.jsx">
        <metrics statements="2" coveredstatements="0" conditionals="4" coveredconditionals="0" methods="1" coveredmethods="0"/>
        <line num="4" count="0" type="cond" truecount="0" falsecount="2"/>
        <line num="6" count="0" type="stmt"/>
      </file>
      <file name="ProductForm.jsx" path="D:\testtichozui\New folder\testing\frontend\product-management\src\components\ProductForm.jsx">
        <metrics statements="24" coveredstatements="22" conditionals="22" coveredconditionals="16" methods="4" coveredmethods="4"/>
        <line num="6" count="13" type="stmt"/>
        <line num="13" count="13" type="stmt"/>
        <line num="14" count="13" type="stmt"/>
        <line num="16" count="13" type="stmt"/>
        <line num="17" count="2" type="cond" truecount="2" falsecount="0"/>
        <line num="20" count="13" type="stmt"/>
        <line num="21" count="6" type="stmt"/>
        <line num="42" count="13" type="stmt"/>
        <line num="43" count="2" type="stmt"/>
        <line num="44" count="2" type="stmt"/>
        <line num="46" count="2" type="stmt"/>
        <line num="50" count="2" type="stmt"/>
        <line num="51" count="2" type="stmt"/>
        <line num="52" count="2" type="cond" truecount="1" falsecount="1"/>
        <line num="54" count="2" type="stmt"/>
        <line num="55" count="2" type="cond" truecount="4" falsecount="0"/>
        <line num="56" count="1" type="stmt"/>
        <line num="57" count="1" type="stmt"/>
        <line num="59" count="1" type="stmt"/>
        <line num="60" count="1" type="stmt"/>
        <line num="62" count="2" type="stmt"/>
        <line num="64" count="0" type="stmt"/>
        <line num="65" count="0" type="stmt"/>
        <line num="69" count="13" type="stmt"/>
      </file>
      <file name="ProductList.jsx" path="D:\testtichozui\New folder\testing\frontend\product-management\src\components\ProductList.jsx">
        <metrics statements="53" coveredstatements="29" conditionals="17" coveredconditionals="10" methods="15" coveredmethods="6"/>
        <line num="6" count="1" type="stmt"/>
        <line num="9" count="9" type="stmt"/>
        <line num="10" count="9" type="stmt"/>
        <line num="11" count="9" type="stmt"/>
        <line num="12" count="9" type="stmt"/>
        <line num="13" count="9" type="stmt"/>
        <line num="14" count="9" type="stmt"/>
        <line num="16" count="9" type="stmt"/>
        <line num="17" count="5" type="stmt"/>
        <line num="18" count="5" type="stmt"/>
        <line num="19" count="4" type="stmt"/>
        <line num="21" count="1" type="stmt"/>
        <line num="41" count="9" type="stmt"/>
        <line num="42" count="4" type="stmt"/>
        <line num="49" count="9" type="stmt"/>
        <line num="50" count="2" type="cond" truecount="1" falsecount="1"/>
        <line num="51" count="2" type="stmt"/>
        <line num="52" count="2" type="stmt"/>
        <line num="53" count="1" type="stmt"/>
        <line num="54" count="1" type="stmt"/>
        <line num="56" count="1" type="stmt"/>
        <line num="57" count="1" type="stmt"/>
        <line num="68" count="9" type="stmt"/>
        <line num="69" count="0" type="stmt"/>
        <line num="71" count="0" type="cond" truecount="0" falsecount="2"/>
        <line num="72" count="0" type="cond" truecount="0" falsecount="2"/>
        <line num="74" count="0" type="stmt"/>
        <line num="75" count="0" type="stmt"/>
        <line num="78" count="0" type="stmt"/>
        <line num="79" count="0" type="stmt"/>
        <line num="80" count="0" type="stmt"/>
        <line num="83" count="9" type="stmt"/>
        <line num="84" count="0" type="stmt"/>
        <line num="85" count="0" type="stmt"/>
        <line num="86" count="0" type="stmt"/>
        <line num="87" count="0" type="stmt"/>
        <line num="90" count="9" type="stmt"/>
        <line num="91" count="0" type="stmt"/>
        <line num="92" count="0" type="stmt"/>
        <line num="93" count="0" type="stmt"/>
        <line num="94" count="0" type="stmt"/>
        <line num="95" count="0" type="stmt"/>
        <line num="98" count="9" type="stmt"/>
        <line num="99" count="0" type="stmt"/>
        <line num="100" count="0" type="stmt"/>
        <line num="101" count="0" type="stmt"/>
        <line num="105" count="9" type="stmt"/>
        <line num="130" count="7" type="stmt"/>
        <line num="137" count="0" type="stmt"/>
        <line num="138" count="0" type="stmt"/>
        <line num="139" count="2" type="stmt"/>
        <line num="158" count="0" type="stmt"/>
        <line num="165" count="0" type="stmt"/>
      </file>
    </package>
    <package name="services">
      <metrics statements="18" coveredstatements="7" conditionals="0" coveredconditionals="0" methods="6" coveredmethods="0"/>
      <file name="productService.js" path="D:\testtichozui\New folder\testing\frontend\product-management\src\services\productService.js">
        <metrics statements="18" coveredstatements="7" conditionals="0" coveredconditionals="0" methods="6" coveredmethods="0"/>
        <line num="3" count="1" type="stmt"/>
        <line num="5" count="1" type="stmt"/>
        <line num="6" count="0" type="stmt"/>
        <line num="7" count="0" type="stmt"/>
        <line num="10" count="1" type="stmt"/>
        <line num="11" count="0" type="stmt"/>
        <line num="12" count="0" type="stmt"/>
        <line num="15" count="1" type="stmt"/>
        <line num="16" count="0" type="stmt"/>
        <line num="17" count="0" type="stmt"/>
        <line num="20" count="1" type="stmt"/>
        <line num="21" count="0" type="stmt"/>
        <line num="22" count="0" type="stmt"/>
        <line num="25" count="1" type="stmt"/>
        <line num="26" count="0" type="stmt"/>
        <line num="29" count="1" type="stmt"/>
        <line num="30" count="0" type="stmt"/>
        <line num="31" count="0" type="stmt"/>
      </file>
    </package>
    <package name="utils">
      <metrics statements="23" coveredstatements="12" conditionals="29" coveredconditionals="18" methods="1" coveredmethods="1"/>
      <file name="productValidation.js" path="D:\testtichozui\New folder\testing\frontend\product-management\src\utils\productValidation.js">
        <metrics statements="23" coveredstatements="12" conditionals="29" coveredconditionals="18" methods="1" coveredmethods="1"/>
        <line num="1" count="1" type="stmt"/>
        <line num="2" count="2" type="stmt"/>
        <line num="6" count="2" type="cond" truecount="3" falsecount="1"/>
        <line num="7" count="0" type="cond" truecount="0" falsecount="2"/>
        <line num="8" count="0" type="stmt"/>
        <line num="10" count="0" type="stmt"/>
        <line num="13" count="2" type="cond" truecount="3" falsecount="1"/>
        <line num="14" count="0" type="stmt"/>
        <line num="16" count="2" type="cond" truecount="1" falsecount="1"/>
        <line num="17" count="0" type="stmt"/>
        <line num="18" count="2" type="cond" truecount="1" falsecount="1"/>
        <line num="19" count="0" type="stmt"/>
        <line num="21" count="2" type="cond" truecount="4" falsecount="1"/>
        <line num="22" count="0" type="stmt"/>
        <line num="23" count="2" type="cond" truecount="1" falsecount="1"/>
        <line num="24" count="0" type="stmt"/>
        <line num="25" count="2" type="cond" truecount="1" falsecount="1"/>
        <line num="26" count="0" type="stmt"/>
        <line num="28" count="2" type="cond" truecount="3" falsecount="1"/>
        <line num="29" count="0" type="stmt"/>
        <line num="31" count="2" type="cond" truecount="1" falsecount="1"/>
        <line num="32" count="0" type="stmt"/>
        <line num="34" count="2" type="stmt"/>
      </file>
    </package>
  </project>
</coverage>
