{"D:\\testtichozui\\New folder\\testing\\frontend\\product-management\\src\\components\\ProductDetail.jsx": {"path":"D:\\testtichozui\\New folder\\testing\\frontend\\product-management\\src\\components\\ProductDetail.jsx","statementMap":{"0":{"start":{"line":4,"column":2},"end":{"line":4,"column":28}},"1":{"start":{"line":4,"column":16},"end":{"line":4,"column":28}},"2":{"start":{"line":6,"column":2},"end":{"line":19,"column":4}}},"fnMap":{"0":{"name":"ProductDetail","decl":{"start":{"line":3,"column":24},"end":{"line":3,"column":37}},"loc":{"start":{"line":3,"column":60},"end":{"line":20,"column":1}},"line":3}},"branchMap":{"0":{"loc":{"start":{"line":4,"column":2},"end":{"line":4,"column":28}},"type":"if","locations":[{"start":{"line":4,"column":2},"end":{"line":4,"column":28}},{"start":{},"end":{}}],"line":4},"1":{"loc":{"start":{"line":14,"column":7},"end":{"line":16,"column":7}},"type":"binary-expr","locations":[{"start":{"line":14,"column":7},"end":{"line":14,"column":26}},{"start":{"line":15,"column":8},"end":{"line":15,"column":60}}],"line":14}},"s":{"0":0,"1":0,"2":0},"f":{"0":0},"b":{"0":[0,0],"1":[0,0]},"_coverageSchema":"1a1c01bbd47fc00a2c39e90264f33305004495a9","hash":"05f6240f1a1bc348359890128ef14cae4ace37a4"}
,"D:\\testtichozui\\New folder\\testing\\frontend\\product-management\\src\\components\\ProductForm.jsx": {"path":"D:\\testtichozui\\New folder\\testing\\frontend\\product-management\\src\\components\\ProductForm.jsx","statementMap":{"0":{"start":{"line":6,"column":36},"end":{"line":12,"column":4}},"1":{"start":{"line":13,"column":30},"end":{"line":13,"column":42}},"2":{"start":{"line":14,"column":32},"end":{"line":14,"column":44}},"3":{"start":{"line":16,"column":2},"end":{"line":18,"column":16}},"4":{"start":{"line":17,"column":4},"end":{"line":17,"column":37}},"5":{"start":{"line":17,"column":17},"end":{"line":17,"column":37}},"6":{"start":{"line":20,"column":23},"end":{"line":22,"column":3}},"7":{"start":{"line":21,"column":4},"end":{"line":21,"column":68}},"8":{"start":{"line":42,"column":23},"end":{"line":67,"column":3}},"9":{"start":{"line":43,"column":4},"end":{"line":43,"column":23}},"10":{"start":{"line":44,"column":4},"end":{"line":44,"column":57}},"11":{"start":{"line":46,"column":25},"end":{"line":49,"column":5}},"12":{"start":{"line":50,"column":17},"end":{"line":50,"column":46}},"13":{"start":{"line":51,"column":4},"end":{"line":51,"column":20}},"14":{"start":{"line":52,"column":4},"end":{"line":52,"column":45}},"15":{"start":{"line":52,"column":38},"end":{"line":52,"column":45}},"16":{"start":{"line":54,"column":4},"end":{"line":66,"column":5}},"17":{"start":{"line":55,"column":6},"end":{"line":61,"column":7}},"18":{"start":{"line":56,"column":8},"end":{"line":56,"column":56}},"19":{"start":{"line":57,"column":8},"end":{"line":57,"column":52}},"20":{"start":{"line":59,"column":8},"end":{"line":59,"column":56}},"21":{"start":{"line":60,"column":8},"end":{"line":60,"column":47}},"22":{"start":{"line":62,"column":6},"end":{"line":62,"column":26}},"23":{"start":{"line":64,"column":6},"end":{"line":64,"column":62}},"24":{"start":{"line":65,"column":6},"end":{"line":65,"column":43}},"25":{"start":{"line":69,"column":2},"end":{"line":139,"column":4}}},"fnMap":{"0":{"name":"ProductForm","decl":{"start":{"line":5,"column":24},"end":{"line":5,"column":35}},"loc":{"start":{"line":5,"column":67},"end":{"line":140,"column":1}},"line":5},"1":{"name":"(anonymous_1)","decl":{"start":{"line":16,"column":12},"end":{"line":16,"column":13}},"loc":{"start":{"line":16,"column":18},"end":{"line":18,"column":3}},"line":16},"2":{"name":"(anonymous_2)","decl":{"start":{"line":20,"column":23},"end":{"line":20,"column":24}},"loc":{"start":{"line":20,"column":30},"end":{"line":22,"column":3}},"line":20},"3":{"name":"(anonymous_3)","decl":{"start":{"line":42,"column":23},"end":{"line":42,"column":24}},"loc":{"start":{"line":42,"column":36},"end":{"line":67,"column":3}},"line":42}},"branchMap":{"0":{"loc":{"start":{"line":17,"column":4},"end":{"line":17,"column":37}},"type":"if","locations":[{"start":{"line":17,"column":4},"end":{"line":17,"column":37}},{"start":{},"end":{}}],"line":17},"1":{"loc":{"start":{"line":52,"column":4},"end":{"line":52,"column":45}},"type":"if","locations":[{"start":{"line":52,"column":4},"end":{"line":52,"column":45}},{"start":{},"end":{}}],"line":52},"2":{"loc":{"start":{"line":55,"column":6},"end":{"line":61,"column":7}},"type":"if","locations":[{"start":{"line":55,"column":6},"end":{"line":61,"column":7}},{"start":{"line":58,"column":13},"end":{"line":61,"column":7}}],"line":55},"3":{"loc":{"start":{"line":55,"column":10},"end":{"line":55,"column":31}},"type":"binary-expr","locations":[{"start":{"line":55,"column":10},"end":{"line":55,"column":17}},{"start":{"line":55,"column":21},"end":{"line":55,"column":31}}],"line":55},"4":{"loc":{"start":{"line":71,"column":11},"end":{"line":71,"column":57}},"type":"cond-expr","locations":[{"start":{"line":71,"column":21},"end":{"line":71,"column":35}},{"start":{"line":71,"column":38},"end":{"line":71,"column":57}}],"line":71},"5":{"loc":{"start":{"line":81,"column":9},"end":{"line":81,"column":62}},"type":"binary-expr","locations":[{"start":{"line":81,"column":9},"end":{"line":81,"column":20}},{"start":{"line":81,"column":24},"end":{"line":81,"column":62}}],"line":81},"6":{"loc":{"start":{"line":93,"column":9},"end":{"line":93,"column":64}},"type":"binary-expr","locations":[{"start":{"line":93,"column":9},"end":{"line":93,"column":21}},{"start":{"line":93,"column":25},"end":{"line":93,"column":64}}],"line":93},"7":{"loc":{"start":{"line":105,"column":9},"end":{"line":105,"column":70}},"type":"binary-expr","locations":[{"start":{"line":105,"column":9},"end":{"line":105,"column":24}},{"start":{"line":105,"column":28},"end":{"line":105,"column":70}}],"line":105},"8":{"loc":{"start":{"line":121,"column":9},"end":{"line":121,"column":78}},"type":"binary-expr","locations":[{"start":{"line":121,"column":9},"end":{"line":121,"column":28}},{"start":{"line":121,"column":32},"end":{"line":121,"column":78}}],"line":121},"9":{"loc":{"start":{"line":132,"column":9},"end":{"line":132,"column":76}},"type":"binary-expr","locations":[{"start":{"line":132,"column":9},"end":{"line":132,"column":27}},{"start":{"line":132,"column":31},"end":{"line":132,"column":76}}],"line":132},"10":{"loc":{"start":{"line":137,"column":7},"end":{"line":137,"column":54}},"type":"binary-expr","locations":[{"start":{"line":137,"column":7},"end":{"line":137,"column":14}},{"start":{"line":137,"column":18},"end":{"line":137,"column":54}}],"line":137}},"s":{"0":13,"1":13,"2":13,"3":13,"4":2,"5":1,"6":13,"7":6,"8":13,"9":2,"10":2,"11":2,"12":2,"13":2,"14":2,"15":0,"16":2,"17":2,"18":1,"19":1,"20":1,"21":1,"22":2,"23":0,"24":0,"25":13},"f":{"0":13,"1":2,"2":6,"3":2},"b":{"0":[1,1],"1":[0,2],"2":[1,1],"3":[2,1],"4":[5,8],"5":[13,0],"6":[13,0],"7":[13,0],"8":[13,0],"9":[13,0],"10":[13,2]},"_coverageSchema":"1a1c01bbd47fc00a2c39e90264f33305004495a9","hash":"acd496bdb20f50096cc7b09e8d341964e56e5982"}
,"D:\\testtichozui\\New folder\\testing\\frontend\\product-management\\src\\components\\ProductList.jsx": {"path":"D:\\testtichozui\\New folder\\testing\\frontend\\product-management\\src\\components\\ProductList.jsx","statementMap":{"0":{"start":{"line":6,"column":20},"end":{"line":6,"column":30}},"1":{"start":{"line":9,"column":34},"end":{"line":9,"column":46}},"2":{"start":{"line":10,"column":34},"end":{"line":10,"column":49}},"3":{"start":{"line":11,"column":38},"end":{"line":11,"column":53}},"4":{"start":{"line":12,"column":48},"end":{"line":12,"column":62}},"5":{"start":{"line":13,"column":30},"end":{"line":13,"column":45}},"6":{"start":{"line":14,"column":42},"end":{"line":14,"column":54}},"7":{"start":{"line":16,"column":20},"end":{"line":23,"column":3}},"8":{"start":{"line":17,"column":4},"end":{"line":22,"column":5}},"9":{"start":{"line":18,"column":19},"end":{"line":18,"column":38}},"10":{"start":{"line":19,"column":6},"end":{"line":19,"column":24}},"11":{"start":{"line":21,"column":6},"end":{"line":21,"column":51}},"12":{"start":{"line":41,"column":2},"end":{"line":43,"column":9}},"13":{"start":{"line":42,"column":4},"end":{"line":42,"column":16}},"14":{"start":{"line":49,"column":23},"end":{"line":60,"column":3}},"15":{"start":{"line":50,"column":4},"end":{"line":59,"column":5}},"16":{"start":{"line":51,"column":6},"end":{"line":58,"column":7}},"17":{"start":{"line":52,"column":8},"end":{"line":52,"column":32}},"18":{"start":{"line":53,"column":8},"end":{"line":53,"column":26}},"19":{"start":{"line":54,"column":8},"end":{"line":54,"column":28}},"20":{"start":{"line":56,"column":8},"end":{"line":56,"column":54}},"21":{"start":{"line":57,"column":8},"end":{"line":57,"column":40}},"22":{"start":{"line":68,"column":21},"end":{"line":81,"column":3}},"23":{"start":{"line":69,"column":4},"end":{"line":69,"column":38}},"24":{"start":{"line":71,"column":4},"end":{"line":76,"column":5}},"25":{"start":{"line":72,"column":6},"end":{"line":72,"column":70}},"26":{"start":{"line":72,"column":39},"end":{"line":72,"column":66}},"27":{"start":{"line":74,"column":25},"end":{"line":74,"column":52}},"28":{"start":{"line":75,"column":6},"end":{"line":75,"column":45}},"29":{"start":{"line":78,"column":4},"end":{"line":78,"column":23}},"30":{"start":{"line":79,"column":4},"end":{"line":79,"column":25}},"31":{"start":{"line":80,"column":4},"end":{"line":80,"column":21}},"32":{"start":{"line":83,"column":23},"end":{"line":88,"column":3}},"33":{"start":{"line":84,"column":4},"end":{"line":84,"column":29}},"34":{"start":{"line":85,"column":4},"end":{"line":85,"column":21}},"35":{"start":{"line":86,"column":4},"end":{"line":86,"column":22}},"36":{"start":{"line":87,"column":4},"end":{"line":87,"column":25}},"37":{"start":{"line":90,"column":21},"end":{"line":96,"column":3}},"38":{"start":{"line":91,"column":4},"end":{"line":91,"column":45}},"39":{"start":{"line":92,"column":4},"end":{"line":92,"column":32}},"40":{"start":{"line":93,"column":4},"end":{"line":93,"column":20}},"41":{"start":{"line":94,"column":4},"end":{"line":94,"column":22}},"42":{"start":{"line":95,"column":4},"end":{"line":95,"column":25}},"43":{"start":{"line":98,"column":23},"end":{"line":102,"column":3}},"44":{"start":{"line":99,"column":4},"end":{"line":99,"column":32}},"45":{"start":{"line":100,"column":4},"end":{"line":100,"column":24}},"46":{"start":{"line":101,"column":4},"end":{"line":101,"column":23}},"47":{"start":{"line":105,"column":2},"end":{"line":169,"column":4}},"48":{"start":{"line":130,"column":16},"end":{"line":141,"column":21}},"49":{"start":{"line":137,"column":43},"end":{"line":137,"column":58}},"50":{"start":{"line":138,"column":43},"end":{"line":138,"column":56}},"51":{"start":{"line":139,"column":43},"end":{"line":139,"column":61}},"52":{"start":{"line":158,"column":26},"end":{"line":158,"column":44}},"53":{"start":{"line":165,"column":25},"end":{"line":165,"column":45}}},"fnMap":{"0":{"name":"ProductList","decl":{"start":{"line":8,"column":24},"end":{"line":8,"column":35}},"loc":{"start":{"line":8,"column":38},"end":{"line":170,"column":1}},"line":8},"1":{"name":"(anonymous_1)","decl":{"start":{"line":16,"column":20},"end":{"line":16,"column":21}},"loc":{"start":{"line":16,"column":32},"end":{"line":23,"column":3}},"line":16},"2":{"name":"(anonymous_2)","decl":{"start":{"line":41,"column":12},"end":{"line":41,"column":13}},"loc":{"start":{"line":41,"column":18},"end":{"line":43,"column":3}},"line":41},"3":{"name":"(anonymous_3)","decl":{"start":{"line":49,"column":23},"end":{"line":49,"column":24}},"loc":{"start":{"line":49,"column":37},"end":{"line":60,"column":3}},"line":49},"4":{"name":"(anonymous_4)","decl":{"start":{"line":68,"column":21},"end":{"line":68,"column":22}},"loc":{"start":{"line":68,"column":31},"end":{"line":81,"column":3}},"line":68},"5":{"name":"(anonymous_5)","decl":{"start":{"line":72,"column":31},"end":{"line":72,"column":32}},"loc":{"start":{"line":72,"column":39},"end":{"line":72,"column":66}},"line":72},"6":{"name":"(anonymous_6)","decl":{"start":{"line":83,"column":23},"end":{"line":83,"column":24}},"loc":{"start":{"line":83,"column":29},"end":{"line":88,"column":3}},"line":83},"7":{"name":"(anonymous_7)","decl":{"start":{"line":90,"column":21},"end":{"line":90,"column":22}},"loc":{"start":{"line":90,"column":34},"end":{"line":96,"column":3}},"line":90},"8":{"name":"(anonymous_8)","decl":{"start":{"line":98,"column":23},"end":{"line":98,"column":24}},"loc":{"start":{"line":98,"column":36},"end":{"line":102,"column":3}},"line":98},"9":{"name":"(anonymous_9)","decl":{"start":{"line":129,"column":27},"end":{"line":129,"column":28}},"loc":{"start":{"line":130,"column":16},"end":{"line":141,"column":21}},"line":130},"10":{"name":"(anonymous_10)","decl":{"start":{"line":137,"column":37},"end":{"line":137,"column":38}},"loc":{"start":{"line":137,"column":43},"end":{"line":137,"column":58}},"line":137},"11":{"name":"(anonymous_11)","decl":{"start":{"line":138,"column":37},"end":{"line":138,"column":38}},"loc":{"start":{"line":138,"column":43},"end":{"line":138,"column":56}},"line":138},"12":{"name":"(anonymous_12)","decl":{"start":{"line":139,"column":37},"end":{"line":139,"column":38}},"loc":{"start":{"line":139,"column":43},"end":{"line":139,"column":61}},"line":139},"13":{"name":"(anonymous_13)","decl":{"start":{"line":158,"column":20},"end":{"line":158,"column":21}},"loc":{"start":{"line":158,"column":26},"end":{"line":158,"column":44}},"line":158},"14":{"name":"(anonymous_14)","decl":{"start":{"line":165,"column":19},"end":{"line":165,"column":20}},"loc":{"start":{"line":165,"column":25},"end":{"line":165,"column":45}},"line":165}},"branchMap":{"0":{"loc":{"start":{"line":50,"column":4},"end":{"line":59,"column":5}},"type":"if","locations":[{"start":{"line":50,"column":4},"end":{"line":59,"column":5}},{"start":{},"end":{}}],"line":50},"1":{"loc":{"start":{"line":71,"column":4},"end":{"line":76,"column":5}},"type":"if","locations":[{"start":{"line":71,"column":4},"end":{"line":76,"column":5}},{"start":{"line":73,"column":11},"end":{"line":76,"column":5}}],"line":71},"2":{"loc":{"start":{"line":72,"column":39},"end":{"line":72,"column":66}},"type":"cond-expr","locations":[{"start":{"line":72,"column":58},"end":{"line":72,"column":62}},{"start":{"line":72,"column":65},"end":{"line":72,"column":66}}],"line":72},"3":{"loc":{"start":{"line":107,"column":7},"end":{"line":152,"column":7}},"type":"binary-expr","locations":[{"start":{"line":107,"column":7},"end":{"line":107,"column":16}},{"start":{"line":107,"column":20},"end":{"line":107,"column":31}},{"start":{"line":108,"column":6},"end":{"line":151,"column":9}}],"line":107},"4":{"loc":{"start":{"line":124,"column":13},"end":{"line":143,"column":13}},"type":"cond-expr","locations":[{"start":{"line":125,"column":14},"end":{"line":127,"column":19}},{"start":{"line":129,"column":14},"end":{"line":142,"column":16}}],"line":124},"5":{"loc":{"start":{"line":146,"column":9},"end":{"line":150,"column":9}},"type":"binary-expr","locations":[{"start":{"line":146,"column":9},"end":{"line":146,"column":21}},{"start":{"line":147,"column":10},"end":{"line":149,"column":14}}],"line":146},"6":{"loc":{"start":{"line":154,"column":7},"end":{"line":160,"column":7}},"type":"binary-expr","locations":[{"start":{"line":154,"column":7},"end":{"line":154,"column":15}},{"start":{"line":155,"column":8},"end":{"line":159,"column":10}}],"line":154},"7":{"loc":{"start":{"line":162,"column":7},"end":{"line":167,"column":7}},"type":"binary-expr","locations":[{"start":{"line":162,"column":7},"end":{"line":162,"column":17}},{"start":{"line":163,"column":8},"end":{"line":166,"column":10}}],"line":162}},"s":{"0":1,"1":9,"2":9,"3":9,"4":9,"5":9,"6":9,"7":9,"8":5,"9":5,"10":4,"11":1,"12":9,"13":4,"14":9,"15":2,"16":2,"17":2,"18":1,"19":1,"20":1,"21":1,"22":9,"23":0,"24":0,"25":0,"26":0,"27":0,"28":0,"29":0,"30":0,"31":0,"32":9,"33":0,"34":0,"35":0,"36":0,"37":9,"38":0,"39":0,"40":0,"41":0,"42":0,"43":9,"44":0,"45":0,"46":0,"47":9,"48":7,"49":0,"50":0,"51":2,"52":0,"53":0},"f":{"0":9,"1":5,"2":4,"3":2,"4":0,"5":0,"6":0,"7":0,"8":0,"9":7,"10":0,"11":0,"12":2,"13":0,"14":0},"b":{"0":[2,0],"1":[0,0],"2":[0,0],"3":[9,9,9],"4":[4,5],"5":[9,1],"6":[9,0],"7":[9,0]},"_coverageSchema":"1a1c01bbd47fc00a2c39e90264f33305004495a9","hash":"e299abd64a5b8b7039c3b762cd3338ed5f937ef5"}
,"D:\\testtichozui\\New folder\\testing\\frontend\\product-management\\src\\services\\productService.js": {"path":"D:\\testtichozui\\New folder\\testing\\frontend\\product-management\\src\\services\\productService.js","statementMap":{"0":{"start":{"line":3,"column":21},"end":{"line":3,"column":36}},"1":{"start":{"line":5,"column":27},"end":{"line":8,"column":1}},"2":{"start":{"line":6,"column":21},"end":{"line":6,"column":55}},"3":{"start":{"line":7,"column":4},"end":{"line":7,"column":25}},"4":{"start":{"line":10,"column":30},"end":{"line":13,"column":1}},"5":{"start":{"line":11,"column":21},"end":{"line":11,"column":68}},"6":{"start":{"line":12,"column":4},"end":{"line":12,"column":25}},"7":{"start":{"line":15,"column":29},"end":{"line":18,"column":1}},"8":{"start":{"line":16,"column":14},"end":{"line":16,"column":48}},"9":{"start":{"line":17,"column":2},"end":{"line":17,"column":18}},"10":{"start":{"line":20,"column":29},"end":{"line":23,"column":1}},"11":{"start":{"line":21,"column":14},"end":{"line":21,"column":58}},"12":{"start":{"line":22,"column":2},"end":{"line":22,"column":18}},"13":{"start":{"line":25,"column":29},"end":{"line":27,"column":1}},"14":{"start":{"line":26,"column":2},"end":{"line":26,"column":41}},"15":{"start":{"line":29,"column":29},"end":{"line":32,"column":1}},"16":{"start":{"line":30,"column":19},"end":{"line":30,"column":53}},"17":{"start":{"line":31,"column":2},"end":{"line":31,"column":23}}},"fnMap":{"0":{"name":"(anonymous_0)","decl":{"start":{"line":5,"column":27},"end":{"line":5,"column":28}},"loc":{"start":{"line":5,"column":39},"end":{"line":8,"column":1}},"line":5},"1":{"name":"(anonymous_1)","decl":{"start":{"line":10,"column":30},"end":{"line":10,"column":31}},"loc":{"start":{"line":10,"column":51},"end":{"line":13,"column":1}},"line":10},"2":{"name":"(anonymous_2)","decl":{"start":{"line":15,"column":29},"end":{"line":15,"column":30}},"loc":{"start":{"line":15,"column":48},"end":{"line":18,"column":1}},"line":15},"3":{"name":"(anonymous_3)","decl":{"start":{"line":20,"column":29},"end":{"line":20,"column":30}},"loc":{"start":{"line":20,"column":52},"end":{"line":23,"column":1}},"line":20},"4":{"name":"(anonymous_4)","decl":{"start":{"line":25,"column":29},"end":{"line":25,"column":30}},"loc":{"start":{"line":25,"column":43},"end":{"line":27,"column":1}},"line":25},"5":{"name":"(anonymous_5)","decl":{"start":{"line":29,"column":29},"end":{"line":29,"column":30}},"loc":{"start":{"line":29,"column":41},"end":{"line":32,"column":1}},"line":29}},"branchMap":{},"s":{"0":1,"1":1,"2":0,"3":0,"4":1,"5":0,"6":0,"7":1,"8":0,"9":0,"10":1,"11":0,"12":0,"13":1,"14":0,"15":1,"16":0,"17":0},"f":{"0":0,"1":0,"2":0,"3":0,"4":0,"5":0},"b":{},"_coverageSchema":"1a1c01bbd47fc00a2c39e90264f33305004495a9","hash":"8b142cfa78115e066bceea0a611755b8ca2b45f0"}
,"D:\\testtichozui\\New folder\\testing\\frontend\\product-management\\src\\utils\\productValidation.js": {"path":"D:\\testtichozui\\New folder\\testing\\frontend\\product-management\\src\\utils\\productValidation.js","statementMap":{"0":{"start":{"line":1,"column":31},"end":{"line":35,"column":1}},"1":{"start":{"line":2,"column":17},"end":{"line":2,"column":19}},"2":{"start":{"line":6,"column":2},"end":{"line":12,"column":3}},"3":{"start":{"line":7,"column":4},"end":{"line":11,"column":5}},"4":{"start":{"line":8,"column":8},"end":{"line":8,"column":57}},"5":{"start":{"line":10,"column":8},"end":{"line":10,"column":61}},"6":{"start":{"line":13,"column":2},"end":{"line":14,"column":58}},"7":{"start":{"line":14,"column":4},"end":{"line":14,"column":58}},"8":{"start":{"line":16,"column":2},"end":{"line":17,"column":49}},"9":{"start":{"line":17,"column":4},"end":{"line":17,"column":49}},"10":{"start":{"line":18,"column":2},"end":{"line":19,"column":42}},"11":{"start":{"line":19,"column":4},"end":{"line":19,"column":42}},"12":{"start":{"line":21,"column":2},"end":{"line":22,"column":53}},"13":{"start":{"line":22,"column":4},"end":{"line":22,"column":53}},"14":{"start":{"line":23,"column":2},"end":{"line":24,"column":47}},"15":{"start":{"line":24,"column":4},"end":{"line":24,"column":47}},"16":{"start":{"line":25,"column":2},"end":{"line":26,"column":41}},"17":{"start":{"line":26,"column":4},"end":{"line":26,"column":41}},"18":{"start":{"line":28,"column":2},"end":{"line":29,"column":63}},"19":{"start":{"line":29,"column":4},"end":{"line":29,"column":63}},"20":{"start":{"line":31,"column":2},"end":{"line":32,"column":57}},"21":{"start":{"line":32,"column":4},"end":{"line":32,"column":57}},"22":{"start":{"line":34,"column":2},"end":{"line":34,"column":16}}},"fnMap":{"0":{"name":"(anonymous_0)","decl":{"start":{"line":1,"column":31},"end":{"line":1,"column":32}},"loc":{"start":{"line":1,"column":44},"end":{"line":35,"column":1}},"line":1}},"branchMap":{"0":{"loc":{"start":{"line":6,"column":2},"end":{"line":12,"column":3}},"type":"if","locations":[{"start":{"line":6,"column":2},"end":{"line":12,"column":3}},{"start":{},"end":{}}],"line":6},"1":{"loc":{"start":{"line":6,"column":6},"end":{"line":6,"column":53}},"type":"binary-expr","locations":[{"start":{"line":6,"column":6},"end":{"line":6,"column":19}},{"start":{"line":6,"column":23},"end":{"line":6,"column":53}}],"line":6},"2":{"loc":{"start":{"line":7,"column":4},"end":{"line":11,"column":5}},"type":"if","locations":[{"start":{"line":7,"column":4},"end":{"line":11,"column":5}},{"start":{"line":9,"column":11},"end":{"line":11,"column":5}}],"line":7},"3":{"loc":{"start":{"line":13,"column":2},"end":{"line":14,"column":58}},"type":"if","locations":[{"start":{"line":13,"column":2},"end":{"line":14,"column":58}},{"start":{},"end":{}}],"line":13},"4":{"loc":{"start":{"line":13,"column":6},"end":{"line":13,"column":47}},"type":"binary-expr","locations":[{"start":{"line":13,"column":6},"end":{"line":13,"column":18}},{"start":{"line":13,"column":22},"end":{"line":13,"column":47}}],"line":13},"5":{"loc":{"start":{"line":16,"column":2},"end":{"line":17,"column":49}},"type":"if","locations":[{"start":{"line":16,"column":2},"end":{"line":17,"column":49}},{"start":{},"end":{}}],"line":16},"6":{"loc":{"start":{"line":18,"column":2},"end":{"line":19,"column":42}},"type":"if","locations":[{"start":{"line":18,"column":2},"end":{"line":19,"column":42}},{"start":{},"end":{}}],"line":18},"7":{"loc":{"start":{"line":21,"column":2},"end":{"line":22,"column":53}},"type":"if","locations":[{"start":{"line":21,"column":2},"end":{"line":22,"column":53}},{"start":{},"end":{}}],"line":21},"8":{"loc":{"start":{"line":21,"column":6},"end":{"line":21,"column":92}},"type":"binary-expr","locations":[{"start":{"line":21,"column":6},"end":{"line":21,"column":29}},{"start":{"line":21,"column":33},"end":{"line":21,"column":58}},{"start":{"line":21,"column":62},"end":{"line":21,"column":92}}],"line":21},"9":{"loc":{"start":{"line":23,"column":2},"end":{"line":24,"column":47}},"type":"if","locations":[{"start":{"line":23,"column":2},"end":{"line":24,"column":47}},{"start":{},"end":{}}],"line":23},"10":{"loc":{"start":{"line":25,"column":2},"end":{"line":26,"column":41}},"type":"if","locations":[{"start":{"line":25,"column":2},"end":{"line":26,"column":41}},{"start":{},"end":{}}],"line":25},"11":{"loc":{"start":{"line":28,"column":2},"end":{"line":29,"column":63}},"type":"if","locations":[{"start":{"line":28,"column":2},"end":{"line":29,"column":63}},{"start":{},"end":{}}],"line":28},"12":{"loc":{"start":{"line":28,"column":6},"end":{"line":28,"column":61}},"type":"binary-expr","locations":[{"start":{"line":28,"column":6},"end":{"line":28,"column":25}},{"start":{"line":28,"column":29},"end":{"line":28,"column":61}}],"line":28},"13":{"loc":{"start":{"line":31,"column":2},"end":{"line":32,"column":57}},"type":"if","locations":[{"start":{"line":31,"column":2},"end":{"line":32,"column":57}},{"start":{},"end":{}}],"line":31}},"s":{"0":1,"1":2,"2":2,"3":0,"4":0,"5":0,"6":2,"7":0,"8":2,"9":0,"10":2,"11":0,"12":2,"13":0,"14":2,"15":0,"16":2,"17":0,"18":2,"19":0,"20":2,"21":0,"22":2},"f":{"0":2},"b":{"0":[0,2],"1":[2,2],"2":[0,0],"3":[0,2],"4":[2,2],"5":[0,2],"6":[0,2],"7":[0,2],"8":[2,2,2],"9":[0,2],"10":[0,2],"11":[0,2],"12":[2,2],"13":[0,2]},"_coverageSchema":"1a1c01bbd47fc00a2c39e90264f33305004495a9","hash":"e24893af312535db37a5e1b3c397c5247bc2c834"}
}
