TN:
SF:src\components\ProductDetail.jsx
FN:3,ProductDetail
FNF:1
FNH:0
FNDA:0,ProductDetail
DA:4,0
DA:6,0
LF:2
LH:0
BRDA:4,0,0,0
BRDA:4,0,1,0
BRDA:14,1,0,0
BRDA:14,1,1,0
BRF:4
BRH:0
end_of_record
TN:
SF:src\components\ProductForm.jsx
FN:5,ProductForm
FN:16,(anonymous_1)
FN:20,(anonymous_2)
FN:42,(anonymous_3)
FNF:4
FNH:4
FNDA:13,ProductForm
FNDA:2,(anonymous_1)
FNDA:6,(anonymous_2)
FNDA:2,(anonymous_3)
DA:6,13
DA:13,13
DA:14,13
DA:16,13
DA:17,2
DA:20,13
DA:21,6
DA:42,13
DA:43,2
DA:44,2
DA:46,2
DA:50,2
DA:51,2
DA:52,2
DA:54,2
DA:55,2
DA:56,1
DA:57,1
DA:59,1
DA:60,1
DA:62,2
DA:64,0
DA:65,0
DA:69,13
LF:24
LH:22
BRDA:17,0,0,1
BRDA:17,0,1,1
BRDA:52,1,0,0
BRDA:52,1,1,2
BRDA:55,2,0,1
BRDA:55,2,1,1
BRDA:55,3,0,2
BRDA:55,3,1,1
BRDA:71,4,0,5
BRDA:71,4,1,8
BRDA:81,5,0,13
BRDA:81,5,1,0
BRDA:93,6,0,13
BRDA:93,6,1,0
BRDA:105,7,0,13
BRDA:105,7,1,0
BRDA:121,8,0,13
BRDA:121,8,1,0
BRDA:132,9,0,13
BRDA:132,9,1,0
BRDA:137,10,0,13
BRDA:137,10,1,2
BRF:22
BRH:16
end_of_record
TN:
SF:src\components\ProductList.jsx
FN:8,ProductList
FN:16,(anonymous_1)
FN:41,(anonymous_2)
FN:49,(anonymous_3)
FN:68,(anonymous_4)
FN:72,(anonymous_5)
FN:83,(anonymous_6)
FN:90,(anonymous_7)
FN:98,(anonymous_8)
FN:129,(anonymous_9)
FN:137,(anonymous_10)
FN:138,(anonymous_11)
FN:139,(anonymous_12)
FN:158,(anonymous_13)
FN:165,(anonymous_14)
FNF:15
FNH:6
FNDA:9,ProductList
FNDA:5,(anonymous_1)
FNDA:4,(anonymous_2)
FNDA:2,(anonymous_3)
FNDA:0,(anonymous_4)
FNDA:0,(anonymous_5)
FNDA:0,(anonymous_6)
FNDA:0,(anonymous_7)
FNDA:0,(anonymous_8)
FNDA:7,(anonymous_9)
FNDA:0,(anonymous_10)
FNDA:0,(anonymous_11)
FNDA:2,(anonymous_12)
FNDA:0,(anonymous_13)
FNDA:0,(anonymous_14)
DA:6,1
DA:9,9
DA:10,9
DA:11,9
DA:12,9
DA:13,9
DA:14,9
DA:16,9
DA:17,5
DA:18,5
DA:19,4
DA:21,1
DA:41,9
DA:42,4
DA:49,9
DA:50,2
DA:51,2
DA:52,2
DA:53,1
DA:54,1
DA:56,1
DA:57,1
DA:68,9
DA:69,0
DA:71,0
DA:72,0
DA:74,0
DA:75,0
DA:78,0
DA:79,0
DA:80,0
DA:83,9
DA:84,0
DA:85,0
DA:86,0
DA:87,0
DA:90,9
DA:91,0
DA:92,0
DA:93,0
DA:94,0
DA:95,0
DA:98,9
DA:99,0
DA:100,0
DA:101,0
DA:105,9
DA:130,7
DA:137,0
DA:138,0
DA:139,2
DA:158,0
DA:165,0
LF:53
LH:29
BRDA:50,0,0,2
BRDA:50,0,1,0
BRDA:71,1,0,0
BRDA:71,1,1,0
BRDA:72,2,0,0
BRDA:72,2,1,0
BRDA:107,3,0,9
BRDA:107,3,1,9
BRDA:107,3,2,9
BRDA:124,4,0,4
BRDA:124,4,1,5
BRDA:146,5,0,9
BRDA:146,5,1,1
BRDA:154,6,0,9
BRDA:154,6,1,0
BRDA:162,7,0,9
BRDA:162,7,1,0
BRF:17
BRH:10
end_of_record
TN:
SF:src\services\productService.js
FN:5,(anonymous_0)
FN:10,(anonymous_1)
FN:15,(anonymous_2)
FN:20,(anonymous_3)
FN:25,(anonymous_4)
FN:29,(anonymous_5)
FNF:6
FNH:0
FNDA:0,(anonymous_0)
FNDA:0,(anonymous_1)
FNDA:0,(anonymous_2)
FNDA:0,(anonymous_3)
FNDA:0,(anonymous_4)
FNDA:0,(anonymous_5)
DA:3,1
DA:5,1
DA:6,0
DA:7,0
DA:10,1
DA:11,0
DA:12,0
DA:15,1
DA:16,0
DA:17,0
DA:20,1
DA:21,0
DA:22,0
DA:25,1
DA:26,0
DA:29,1
DA:30,0
DA:31,0
LF:18
LH:7
BRF:0
BRH:0
end_of_record
TN:
SF:src\utils\productValidation.js
FN:1,(anonymous_0)
FNF:1
FNH:1
FNDA:2,(anonymous_0)
DA:1,1
DA:2,2
DA:6,2
DA:7,0
DA:8,0
DA:10,0
DA:13,2
DA:14,0
DA:16,2
DA:17,0
DA:18,2
DA:19,0
DA:21,2
DA:22,0
DA:23,2
DA:24,0
DA:25,2
DA:26,0
DA:28,2
DA:29,0
DA:31,2
DA:32,0
DA:34,2
LF:23
LH:12
BRDA:6,0,0,0
BRDA:6,0,1,2
BRDA:6,1,0,2
BRDA:6,1,1,2
BRDA:7,2,0,0
BRDA:7,2,1,0
BRDA:13,3,0,0
BRDA:13,3,1,2
BRDA:13,4,0,2
BRDA:13,4,1,2
BRDA:16,5,0,0
BRDA:16,5,1,2
BRDA:18,6,0,0
BRDA:18,6,1,2
BRDA:21,7,0,0
BRDA:21,7,1,2
BRDA:21,8,0,2
BRDA:21,8,1,2
BRDA:21,8,2,2
BRDA:23,9,0,0
BRDA:23,9,1,2
BRDA:25,10,0,0
BRDA:25,10,1,2
BRDA:28,11,0,0
BRDA:28,11,1,2
BRDA:28,12,0,2
BRDA:28,12,1,2
BRDA:31,13,0,0
BRDA:31,13,1,2
BRF:29
BRH:18
end_of_record
